Arguments: 
  /home/codehappyness/.local/share/nvm/v18.18.1/bin/node /usr/bin/yarn add google-chorme

PATH: 
  /home/codehappyness/go/bin:/home/codehappyness/.cargo/bin:/home/codehappyness/development/flutter/bin:/home/codehappyness/Android/Sdk/platform-tools:/home/codehappyness/Android/Sdk/emulator:/home/codehappyness/Android/Sdk:/usr/lib/jvm/java-11-openjdk:/home/codehappyness/app/lua-language-server/bin:/home/codehappyness/go/bin:/home/codehappyness/.cargo/bin:/home/codehappyness/development/flutter/bin:/home/codehappyness/Android/Sdk/platform-tools:/home/codehappyness/Android/Sdk/emulator:/home/codehappyness/Android/Sdk:/usr/lib/jvm/java-11-openjdk:/home/codehappyness/app/lua-language-server/bin:/home/codehappyness/.local/share/nvm/v18.18.1/bin:/usr/local/sbin:/usr/local/bin:/usr/bin:/usr/bin/site_perl:/usr/bin/vendor_perl:/usr/bin/core_perl

Yarn version: 
  1.22.19

Node version: 
  18.18.1

Platform: 
  linux x64

Trace: 
  Error: https://registry.yarnpkg.com/google-chorme: Not found
      at params.callback [as _callback] (/usr/lib/node_modules/yarn/lib/cli.js:66145:18)
      at self.callback (/usr/lib/node_modules/yarn/lib/cli.js:140890:22)
      at Request.emit (node:events:517:28)
      at Request.<anonymous> (/usr/lib/node_modules/yarn/lib/cli.js:141862:10)
      at Request.emit (node:events:517:28)
      at IncomingMessage.<anonymous> (/usr/lib/node_modules/yarn/lib/cli.js:141784:12)
      at Object.onceWrapper (node:events:631:28)
      at IncomingMessage.emit (node:events:529:35)
      at endReadableNT (node:internal/streams/readable:1368:12)
      at process.processTicksAndRejections (node:internal/process/task_queues:82:21)

npm manifest: 
  {
    "dependencies": {
      "eslint": "^8.53.0",
      "g": "^2.0.1"
    }
  }

yarn manifest: 
  No manifest

Lockfile: 
  No lockfile
